<?xml version="1.0" encoding="UTF-8"?>
<!-- Generated by org.testng.reporters.JUnitXMLReporter -->
<testsuite hostname="Deepan" name="Default test" tests="4" failures="0" timestamp="10 Nov 2020 09:56:42 GMT" time="40.912" errors="0">
  <testcase name="validateCheckout" time="16.243" classname="com.vcentry.onlineshop.testcases.CheckOutPage"/>
  <testcase name="validateCheckout" time="7.482" classname="com.vcentry.onlineshop.testcases.CheckOutPage"/>
  <testcase name="validateCheckout" time="6.87" classname="com.vcentry.onlineshop.testcases.CheckOutPage"/>
  <testcase name="validateCheckout" time="6.608" classname="com.vcentry.onlineshop.testcases.CheckOutPage"/>
</testsuite> <!-- Default test -->
