<?xml version="1.0" encoding="UTF-8"?>
<!-- Generated by org.testng.reporters.JUnitXMLReporter -->
<testsuite hostname="Deepan" name="Default test" tests="4" failures="0" timestamp="4 Dec 2020 10:17:57 GMT" time="34.602" errors="0">
  <testcase name="validateCheckout" time="12.975" classname="com.vcentry.onlineshop.testcases.CheckOutPage"/>
  <testcase name="validateCheckout" time="6.023" classname="com.vcentry.onlineshop.testcases.CheckOutPage"/>
  <testcase name="validateCheckout" time="6.414" classname="com.vcentry.onlineshop.testcases.CheckOutPage"/>
  <testcase name="validateCheckout" time="5.932" classname="com.vcentry.onlineshop.testcases.CheckOutPage"/>
</testsuite> <!-- Default test -->
