<?xml version="1.0" encoding="UTF-8"?>
<testng-results skipped="0" failed="0" total="4" passed="4">
  <reporter-output>
  </reporter-output>
  <suite name="Default suite" duration-ms="34602" started-at="2020-12-04T10:17:23Z" finished-at="2020-12-04T10:17:57Z">
    <groups>
    </groups>
    <test name="Default test" duration-ms="34602" started-at="2020-12-04T10:17:23Z" finished-at="2020-12-04T10:17:57Z">
      <class name="com.vcentry.onlineshop.testcases.CheckOutPage">
        <test-method status="PASS" signature="validateCheckout(java.lang.String, java.lang.String, java.lang.String, java.lang.String, java.lang.String, java.lang.String, java.lang.String, java.lang.String, java.lang.String)[pri:0, instance:com.vcentry.onlineshop.testcases.CheckOutPage@42e26948]" name="validateCheckout" duration-ms="12975" started-at="2020-12-04T15:47:24Z" data-provider="CheckOutPage" finished-at="2020-12-04T15:47:37Z">
          <params>
            <param index="0">
              <value>
                <![CDATA[HomePageTest_DataSet2]]>
              </value>
            </param>
            <param index="1">
              <value>
                <![CDATA[user1]]>
              </value>
            </param>
            <param index="2">
              <value>
                <![CDATA[Guru@12345]]>
              </value>
            </param>
            <param index="3">
              <value>
                <![CDATA[produtA]]>
              </value>
            </param>
            <param index="4">
              <value>
                <![CDATA[1111]]>
              </value>
            </param>
            <param index="5">
              <value>
                <![CDATA[mailA@email.com]]>
              </value>
            </param>
            <param index="6">
              <value>
                <![CDATA[Electrical]]>
              </value>
            </param>
            <param index="7">
              <value>
                <![CDATA[purchaseNameA]]>
              </value>
            </param>
            <param index="8">
              <value>
                <![CDATA[11]]>
              </value>
            </param>
          </params>
          <reporter-output>
          </reporter-output>
        </test-method> <!-- validateCheckout -->
        <test-method status="PASS" signature="teardown(org.testng.ITestResult)[pri:0, instance:com.vcentry.onlineshop.testcases.CheckOutPage@42e26948]" name="teardown" is-config="true" duration-ms="673" started-at="2020-12-04T15:47:37Z" finished-at="2020-12-04T15:47:38Z">
          <params>
            <param index="0">
              <value>
                <![CDATA[[TestResult name=validateCheckout status=SUCCESS method=CheckOutPage.validateCheckout(java.lang.String, java.lang.String, java.lang.String, java.lang.String, java.lang.String, java.lang.String, java.lang.String, java.lang.String, java.lang.String)[pri:0, instance:com.vcentry.onlineshop.testcases.CheckOutPage@42e26948] output={null}]]]>
              </value>
            </param>
          </params>
          <reporter-output>
          </reporter-output>
        </test-method> <!-- teardown -->
        <test-method status="PASS" signature="validateCheckout(java.lang.String, java.lang.String, java.lang.String, java.lang.String, java.lang.String, java.lang.String, java.lang.String, java.lang.String, java.lang.String)[pri:0, instance:com.vcentry.onlineshop.testcases.CheckOutPage@42e26948]" name="validateCheckout" duration-ms="6023" started-at="2020-12-04T15:47:38Z" data-provider="CheckOutPage" finished-at="2020-12-04T15:47:44Z">
          <params>
            <param index="0">
              <value>
                <![CDATA[HomePageTest_DataSet3]]>
              </value>
            </param>
            <param index="1">
              <value>
                <![CDATA[user1]]>
              </value>
            </param>
            <param index="2">
              <value>
                <![CDATA[Guru@12345]]>
              </value>
            </param>
            <param index="3">
              <value>
                <![CDATA[produtB]]>
              </value>
            </param>
            <param index="4">
              <value>
                <![CDATA[2222]]>
              </value>
            </param>
            <param index="5">
              <value>
                <![CDATA[mailB@email.com]]>
              </value>
            </param>
            <param index="6">
              <value>
                <![CDATA[Electrical]]>
              </value>
            </param>
            <param index="7">
              <value>
                <![CDATA[purchaseNameB]]>
              </value>
            </param>
            <param index="8">
              <value>
                <![CDATA[22]]>
              </value>
            </param>
          </params>
          <reporter-output>
          </reporter-output>
        </test-method> <!-- validateCheckout -->
        <test-method status="PASS" signature="teardown(org.testng.ITestResult)[pri:0, instance:com.vcentry.onlineshop.testcases.CheckOutPage@42e26948]" name="teardown" is-config="true" duration-ms="390" started-at="2020-12-04T15:47:44Z" finished-at="2020-12-04T15:47:44Z">
          <params>
            <param index="0">
              <value>
                <![CDATA[[TestResult name=validateCheckout status=SUCCESS method=CheckOutPage.validateCheckout(java.lang.String, java.lang.String, java.lang.String, java.lang.String, java.lang.String, java.lang.String, java.lang.String, java.lang.String, java.lang.String)[pri:0, instance:com.vcentry.onlineshop.testcases.CheckOutPage@42e26948] output={null}]]]>
              </value>
            </param>
          </params>
          <reporter-output>
          </reporter-output>
        </test-method> <!-- teardown -->
        <test-method status="PASS" signature="validateCheckout(java.lang.String, java.lang.String, java.lang.String, java.lang.String, java.lang.String, java.lang.String, java.lang.String, java.lang.String, java.lang.String)[pri:0, instance:com.vcentry.onlineshop.testcases.CheckOutPage@42e26948]" name="validateCheckout" duration-ms="6414" started-at="2020-12-04T15:47:44Z" data-provider="CheckOutPage" finished-at="2020-12-04T15:47:51Z">
          <params>
            <param index="0">
              <value>
                <![CDATA[HomePageTest_DataSet4]]>
              </value>
            </param>
            <param index="1">
              <value>
                <![CDATA[user1]]>
              </value>
            </param>
            <param index="2">
              <value>
                <![CDATA[Guru@12345]]>
              </value>
            </param>
            <param index="3">
              <value>
                <![CDATA[produtC]]>
              </value>
            </param>
            <param index="4">
              <value>
                <![CDATA[3333]]>
              </value>
            </param>
            <param index="5">
              <value>
                <![CDATA[mailC@email.com]]>
              </value>
            </param>
            <param index="6">
              <value>
                <![CDATA[Electrical]]>
              </value>
            </param>
            <param index="7">
              <value>
                <![CDATA[purchaseNameC]]>
              </value>
            </param>
            <param index="8">
              <value>
                <![CDATA[33]]>
              </value>
            </param>
          </params>
          <reporter-output>
          </reporter-output>
        </test-method> <!-- validateCheckout -->
        <test-method status="PASS" signature="teardown(org.testng.ITestResult)[pri:0, instance:com.vcentry.onlineshop.testcases.CheckOutPage@42e26948]" name="teardown" is-config="true" duration-ms="404" started-at="2020-12-04T15:47:51Z" finished-at="2020-12-04T15:47:51Z">
          <params>
            <param index="0">
              <value>
                <![CDATA[[TestResult name=validateCheckout status=SUCCESS method=CheckOutPage.validateCheckout(java.lang.String, java.lang.String, java.lang.String, java.lang.String, java.lang.String, java.lang.String, java.lang.String, java.lang.String, java.lang.String)[pri:0, instance:com.vcentry.onlineshop.testcases.CheckOutPage@42e26948] output={null}]]]>
              </value>
            </param>
          </params>
          <reporter-output>
          </reporter-output>
        </test-method> <!-- teardown -->
        <test-method status="PASS" signature="validateCheckout(java.lang.String, java.lang.String, java.lang.String, java.lang.String, java.lang.String, java.lang.String, java.lang.String, java.lang.String, java.lang.String)[pri:0, instance:com.vcentry.onlineshop.testcases.CheckOutPage@42e26948]" name="validateCheckout" duration-ms="5932" started-at="2020-12-04T15:47:51Z" data-provider="CheckOutPage" finished-at="2020-12-04T15:47:57Z">
          <params>
            <param index="0">
              <value>
                <![CDATA[HomePageTest_DataSet5]]>
              </value>
            </param>
            <param index="1">
              <value>
                <![CDATA[user1]]>
              </value>
            </param>
            <param index="2">
              <value>
                <![CDATA[Guru@12345]]>
              </value>
            </param>
            <param index="3">
              <value>
                <![CDATA[produtD]]>
              </value>
            </param>
            <param index="4">
              <value>
                <![CDATA[4444]]>
              </value>
            </param>
            <param index="5">
              <value>
                <![CDATA[mailD@email.com]]>
              </value>
            </param>
            <param index="6">
              <value>
                <![CDATA[Electrical]]>
              </value>
            </param>
            <param index="7">
              <value>
                <![CDATA[purchaseNameD]]>
              </value>
            </param>
            <param index="8">
              <value>
                <![CDATA[444]]>
              </value>
            </param>
          </params>
          <reporter-output>
          </reporter-output>
        </test-method> <!-- validateCheckout -->
        <test-method status="PASS" signature="teardown(org.testng.ITestResult)[pri:0, instance:com.vcentry.onlineshop.testcases.CheckOutPage@42e26948]" name="teardown" is-config="true" duration-ms="389" started-at="2020-12-04T15:47:57Z" finished-at="2020-12-04T15:47:57Z">
          <params>
            <param index="0">
              <value>
                <![CDATA[[TestResult name=validateCheckout status=SUCCESS method=CheckOutPage.validateCheckout(java.lang.String, java.lang.String, java.lang.String, java.lang.String, java.lang.String, java.lang.String, java.lang.String, java.lang.String, java.lang.String)[pri:0, instance:com.vcentry.onlineshop.testcases.CheckOutPage@42e26948] output={null}]]]>
              </value>
            </param>
          </params>
          <reporter-output>
          </reporter-output>
        </test-method> <!-- teardown -->
      </class> <!-- com.vcentry.onlineshop.testcases.CheckOutPage -->
    </test> <!-- Default test -->
  </suite> <!-- Default suite -->
</testng-results>
